2018-01-08 10:33:16.3130|DEBUG|CLex|MapReduceExecutor|Execution started|{"ExecutionId":"fd8652c2-be6d-4371-b1ba-b3f51d2f6fd1","Main":"tOHslAQT84Fkxb9mMT3owbdZbITprp4cCoL4uJ0wYtQ="}|611dc486-f4a2-11e7-bb07-985fd3341243
2018-01-08 10:33:16.3130|DEBUG|CLex|QueryCacheOperationVisitor|Visiting activity. Activity: tOHslAQT84Fkxb9mMT3owbdZbITprp4cCoL4uJ0wYtQ=|611dc486-f4a2-11e7-bb07-985fd3341243
2018-01-08 10:33:16.3444|DEBUG|CLex|QueryCache|Build RDD|{"Operation":"GetFilesOperation","Reference":"","Tag":"b05e3e0f-56ed-4b6a-aae9-902860573bbb","ContextTag":"0","ParentContextTag":""}|611dc486-f4a2-11e7-bb07-985fd3341243
2018-01-08 10:33:16.5100|DEBUG|CLex|QueryCache|Cache added|{"Operation":"GetFilesOperation","Reference":"","Tag":"b05e3e0f-56ed-4b6a-aae9-902860573bbb","ContextTag":"0","ParentContextTag":""}|611dc486-f4a2-11e7-bb07-985fd3341243
2018-01-08 10:33:16.5100|DEBUG|CLex|QueryCache|Build RDD|{"Operation":"ReadFilesOperation","Reference":"","Tag":"c51d2f76-10a7-4f56-8d61-62adcae45ecc","ContextTag":"1","ParentContextTag":"0"}|611dc486-f4a2-11e7-bb07-985fd3341243
2018-01-08 10:33:16.6697|DEBUG|CLex|QueryCache|Cache added|{"Operation":"ReadFilesOperation","Reference":"","Tag":"c51d2f76-10a7-4f56-8d61-62adcae45ecc","ContextTag":"1","ParentContextTag":"0"}|611dc486-f4a2-11e7-bb07-985fd3341243
2018-01-08 10:33:16.6697|DEBUG|CLex|QueryCache|Build RDD|{"Operation":"RemoveColumnsOperation","Reference":"","Tag":"bf1c7cc5-c07f-409f-925a-20e5170b0a70","ContextTag":"2","ParentContextTag":"1"}|611dc486-f4a2-11e7-bb07-985fd3341243
2018-01-08 10:33:16.6879|DEBUG|CLex|QueryCache|Cache added|{"Operation":"RemoveColumnsOperation","Reference":"","Tag":"bf1c7cc5-c07f-409f-925a-20e5170b0a70","ContextTag":"2","ParentContextTag":"1"}|611dc486-f4a2-11e7-bb07-985fd3341243
2018-01-08 10:33:16.6879|DEBUG|CLex|QueryCache|Build RDD|{"Operation":"WriteFilesOperation","Reference":"","Tag":"d3c3dc0a-83af-400c-b8f6-1dba733efac9","ContextTag":"3","ParentContextTag":"2"}|611dc486-f4a2-11e7-bb07-985fd3341243
2018-01-08 10:33:17.1929|DEBUG|CLex|QueryCache|Cache added|{"Operation":"WriteFilesOperation","Reference":"","Tag":"d3c3dc0a-83af-400c-b8f6-1dba733efac9","ContextTag":"3","ParentContextTag":"2"}|611dc486-f4a2-11e7-bb07-985fd3341243
2018-01-08 10:33:17.1929|DEBUG|CLex|QueryCache|Build RDD|{"Operation":"TakeOperation","Reference":"","Tag":"","ContextTag":"4","ParentContextTag":"3"}|611dc486-f4a2-11e7-bb07-985fd3341243
2018-01-08 10:33:17.1929|DEBUG|CLex|QueryCache|Cache added|{"Operation":"TakeOperation","Reference":"","Tag":"","ContextTag":"4","ParentContextTag":"3"}|611dc486-f4a2-11e7-bb07-985fd3341243
2018-01-08 10:33:17.1929|DEBUG|CLex|MapReduceExecutor|Execution Succeeded|{"ExecutionId":"fd8652c2-be6d-4371-b1ba-b3f51d2f6fd1","Main":"tOHslAQT84Fkxb9mMT3owbdZbITprp4cCoL4uJ0wYtQ="}|611dc486-f4a2-11e7-bb07-985fd3341243
2018-01-08 10:33:37.1371|DEBUG|CLex|MapReduceExecutor|Execution started|{"ExecutionId":"50f416c0-b5e3-462c-b795-7238d23935aa","Main":"qSBgpLHx4vyrDM01CtCsK5hiWo/LUs6RlAuVD3L+8BI="}|6e1abe9a-f4a2-11e7-b908-985fd3341243
2018-01-08 10:33:37.1389|DEBUG|CLex|QueryCacheOperationVisitor|Visiting activity. Activity: qSBgpLHx4vyrDM01CtCsK5hiWo/LUs6RlAuVD3L+8BI=|6e1abe9a-f4a2-11e7-b908-985fd3341243
2018-01-08 10:33:37.1626|DEBUG|CLex|QueryCache|Build RDD|{"Operation":"GetFilesOperation","Reference":"","Tag":"33be1043-4854-40a3-a235-b8e88ddae6cc","ContextTag":"0","ParentContextTag":""}|6e1abe9a-f4a2-11e7-b908-985fd3341243
2018-01-08 10:33:37.2312|DEBUG|CLex|QueryCache|Cache added|{"Operation":"GetFilesOperation","Reference":"","Tag":"33be1043-4854-40a3-a235-b8e88ddae6cc","ContextTag":"0","ParentContextTag":""}|6e1abe9a-f4a2-11e7-b908-985fd3341243
2018-01-08 10:33:37.2312|DEBUG|CLex|QueryCache|Build RDD|{"Operation":"ReadFilesOperation","Reference":"","Tag":"8fb6fadb-8b0d-45ce-b04f-e5cadb303d3f","ContextTag":"1","ParentContextTag":"0"}|6e1abe9a-f4a2-11e7-b908-985fd3341243
2018-01-08 10:33:37.3564|DEBUG|CLex|QueryCache|Cache added|{"Operation":"ReadFilesOperation","Reference":"","Tag":"8fb6fadb-8b0d-45ce-b04f-e5cadb303d3f","ContextTag":"1","ParentContextTag":"0"}|6e1abe9a-f4a2-11e7-b908-985fd3341243
2018-01-08 10:33:37.3564|DEBUG|CLex|QueryCache|Build RDD|{"Operation":"RemoveColumnsOperation","Reference":"","Tag":"bf1c7cc5-c07f-409f-925a-20e5170b0a70","ContextTag":"2","ParentContextTag":"1"}|6e1abe9a-f4a2-11e7-b908-985fd3341243
2018-01-08 10:33:37.3564|DEBUG|CLex|QueryCache|Cache added|{"Operation":"RemoveColumnsOperation","Reference":"","Tag":"bf1c7cc5-c07f-409f-925a-20e5170b0a70","ContextTag":"2","ParentContextTag":"1"}|6e1abe9a-f4a2-11e7-b908-985fd3341243
2018-01-08 10:33:37.3564|DEBUG|CLex|QueryCache|Build RDD|{"Operation":"WriteFilesOperation","Reference":"","Tag":"b11604ac-4948-4311-a80c-18786552bfc1","ContextTag":"3","ParentContextTag":"2"}|6e1abe9a-f4a2-11e7-b908-985fd3341243
2018-01-08 10:33:37.7747|DEBUG|CLex|QueryCache|Cache added|{"Operation":"WriteFilesOperation","Reference":"","Tag":"b11604ac-4948-4311-a80c-18786552bfc1","ContextTag":"3","ParentContextTag":"2"}|6e1abe9a-f4a2-11e7-b908-985fd3341243
2018-01-08 10:33:37.7747|DEBUG|CLex|QueryCache|Build RDD|{"Operation":"TakeOperation","Reference":"","Tag":"","ContextTag":"4","ParentContextTag":"3"}|6e1abe9a-f4a2-11e7-b908-985fd3341243
2018-01-08 10:33:37.7747|DEBUG|CLex|QueryCache|Cache added|{"Operation":"TakeOperation","Reference":"","Tag":"","ContextTag":"4","ParentContextTag":"3"}|6e1abe9a-f4a2-11e7-b908-985fd3341243
2018-01-08 10:33:37.7747|DEBUG|CLex|MapReduceExecutor|Execution Succeeded|{"ExecutionId":"50f416c0-b5e3-462c-b795-7238d23935aa","Main":"qSBgpLHx4vyrDM01CtCsK5hiWo/LUs6RlAuVD3L+8BI="}|6e1abe9a-f4a2-11e7-b908-985fd3341243
2018-01-08 11:03:26.9673|DEBUG|CLex|MapReduceExecutor|Execution started|{"ExecutionId":"1b75bbea-7e8d-47c7-be45-7c2d4dcd3f60","Main":"ONTbjdAB8vadBIQG+uqQjk18pNlMHucrXGgkFAOaPaU="}|97f3c076-f4a6-11e7-8e5c-985fd3341243
2018-01-08 11:03:26.9673|DEBUG|CLex|QueryCacheOperationVisitor|Visiting activity. Activity: ONTbjdAB8vadBIQG+uqQjk18pNlMHucrXGgkFAOaPaU=|97f3c076-f4a6-11e7-8e5c-985fd3341243
2018-01-08 11:03:26.9938|DEBUG|CLex|QueryCache|Build RDD|{"Operation":"GetFilesOperation","Reference":"","Tag":"70d095bb-cf65-4612-9a04-f2944af6f6be","ContextTag":"0","ParentContextTag":""}|97f3c076-f4a6-11e7-8e5c-985fd3341243
2018-01-08 11:03:27.0921|DEBUG|CLex|QueryCache|Cache added|{"Operation":"GetFilesOperation","Reference":"","Tag":"70d095bb-cf65-4612-9a04-f2944af6f6be","ContextTag":"0","ParentContextTag":""}|97f3c076-f4a6-11e7-8e5c-985fd3341243
2018-01-08 11:03:27.0921|DEBUG|CLex|QueryCache|Build RDD|{"Operation":"ReadFilesOperation","Reference":"","Tag":"486a5ec2-b44f-46bd-b4d4-c15aca295285","ContextTag":"1","ParentContextTag":"0"}|97f3c076-f4a6-11e7-8e5c-985fd3341243
2018-01-08 11:03:27.2193|DEBUG|CLex|QueryCache|Cache added|{"Operation":"ReadFilesOperation","Reference":"","Tag":"486a5ec2-b44f-46bd-b4d4-c15aca295285","ContextTag":"1","ParentContextTag":"0"}|97f3c076-f4a6-11e7-8e5c-985fd3341243
2018-01-08 11:03:27.2193|DEBUG|CLex|QueryCache|Build RDD|{"Operation":"RemoveColumnsOperation","Reference":"","Tag":"bf1c7cc5-c07f-409f-925a-20e5170b0a70","ContextTag":"2","ParentContextTag":"1"}|97f3c076-f4a6-11e7-8e5c-985fd3341243
2018-01-08 11:03:27.2309|DEBUG|CLex|QueryCache|Cache added|{"Operation":"RemoveColumnsOperation","Reference":"","Tag":"bf1c7cc5-c07f-409f-925a-20e5170b0a70","ContextTag":"2","ParentContextTag":"1"}|97f3c076-f4a6-11e7-8e5c-985fd3341243
2018-01-08 11:03:27.2309|DEBUG|CLex|QueryCache|Build RDD|{"Operation":"WriteFilesOperation","Reference":"","Tag":"7dc5103f-f382-4e71-be81-be9819c9c6ec","ContextTag":"3","ParentContextTag":"2"}|97f3c076-f4a6-11e7-8e5c-985fd3341243
2018-01-08 11:03:27.6765|DEBUG|CLex|QueryCache|Cache added|{"Operation":"WriteFilesOperation","Reference":"","Tag":"7dc5103f-f382-4e71-be81-be9819c9c6ec","ContextTag":"3","ParentContextTag":"2"}|97f3c076-f4a6-11e7-8e5c-985fd3341243
2018-01-08 11:03:27.6765|DEBUG|CLex|QueryCache|Build RDD|{"Operation":"TakeOperation","Reference":"","Tag":"","ContextTag":"4","ParentContextTag":"3"}|97f3c076-f4a6-11e7-8e5c-985fd3341243
2018-01-08 11:03:27.6765|DEBUG|CLex|QueryCache|Cache added|{"Operation":"TakeOperation","Reference":"","Tag":"","ContextTag":"4","ParentContextTag":"3"}|97f3c076-f4a6-11e7-8e5c-985fd3341243
2018-01-08 11:03:27.6765|DEBUG|CLex|MapReduceExecutor|Execution Succeeded|{"ExecutionId":"1b75bbea-7e8d-47c7-be45-7c2d4dcd3f60","Main":"ONTbjdAB8vadBIQG+uqQjk18pNlMHucrXGgkFAOaPaU="}|97f3c076-f4a6-11e7-8e5c-985fd3341243
2018-01-08 11:04:03.7485|DEBUG|CLex|MapReduceExecutor|Execution started|{"ExecutionId":"9b174db1-78f8-4654-afaa-e0d97c698683","Main":"fkeJNAcQsuuntCb2Z19ZCPZ5OTU8u3FZ/GL50aX2M90="}|ae4f0bb0-f4a6-11e7-8211-985fd3341243
2018-01-08 11:04:03.7485|DEBUG|CLex|QueryCacheOperationVisitor|Visiting activity. Activity: fkeJNAcQsuuntCb2Z19ZCPZ5OTU8u3FZ/GL50aX2M90=|ae4f0bb0-f4a6-11e7-8211-985fd3341243
2018-01-08 11:04:03.7774|DEBUG|CLex|QueryCache|Build RDD|{"Operation":"GetFilesOperation","Reference":"","Tag":"2b84193f-e127-4ec3-8d43-976d0b5315bb","ContextTag":"0","ParentContextTag":""}|ae4f0bb0-f4a6-11e7-8211-985fd3341243
2018-01-08 11:04:03.8463|DEBUG|CLex|QueryCache|Cache added|{"Operation":"GetFilesOperation","Reference":"","Tag":"2b84193f-e127-4ec3-8d43-976d0b5315bb","ContextTag":"0","ParentContextTag":""}|ae4f0bb0-f4a6-11e7-8211-985fd3341243
2018-01-08 11:04:03.8463|DEBUG|CLex|QueryCache|Build RDD|{"Operation":"ReadFilesOperation","Reference":"","Tag":"eeca38fc-c0f4-4c4a-8bb0-e45389a34e12","ContextTag":"1","ParentContextTag":"0"}|ae4f0bb0-f4a6-11e7-8211-985fd3341243
2018-01-08 11:04:03.9340|DEBUG|CLex|QueryCache|Cache added|{"Operation":"ReadFilesOperation","Reference":"","Tag":"eeca38fc-c0f4-4c4a-8bb0-e45389a34e12","ContextTag":"1","ParentContextTag":"0"}|ae4f0bb0-f4a6-11e7-8211-985fd3341243
2018-01-08 11:04:03.9340|DEBUG|CLex|QueryCache|Build RDD|{"Operation":"RemoveColumnsOperation","Reference":"","Tag":"bf1c7cc5-c07f-409f-925a-20e5170b0a70","ContextTag":"2","ParentContextTag":"1"}|ae4f0bb0-f4a6-11e7-8211-985fd3341243
2018-01-08 11:04:03.9565|DEBUG|CLex|QueryCache|Cache added|{"Operation":"RemoveColumnsOperation","Reference":"","Tag":"bf1c7cc5-c07f-409f-925a-20e5170b0a70","ContextTag":"2","ParentContextTag":"1"}|ae4f0bb0-f4a6-11e7-8211-985fd3341243
2018-01-08 11:04:03.9565|DEBUG|CLex|QueryCache|Build RDD|{"Operation":"WriteFilesOperation","Reference":"","Tag":"0ed1c425-631d-493d-aba4-54e3e39b0a6c","ContextTag":"3","ParentContextTag":"2"}|ae4f0bb0-f4a6-11e7-8211-985fd3341243
2018-01-08 11:04:04.3255|DEBUG|CLex|QueryCache|Cache added|{"Operation":"WriteFilesOperation","Reference":"","Tag":"0ed1c425-631d-493d-aba4-54e3e39b0a6c","ContextTag":"3","ParentContextTag":"2"}|ae4f0bb0-f4a6-11e7-8211-985fd3341243
2018-01-08 11:04:04.3255|DEBUG|CLex|QueryCache|Build RDD|{"Operation":"TakeOperation","Reference":"","Tag":"","ContextTag":"4","ParentContextTag":"3"}|ae4f0bb0-f4a6-11e7-8211-985fd3341243
2018-01-08 11:04:04.3255|DEBUG|CLex|QueryCache|Cache added|{"Operation":"TakeOperation","Reference":"","Tag":"","ContextTag":"4","ParentContextTag":"3"}|ae4f0bb0-f4a6-11e7-8211-985fd3341243
2018-01-08 11:04:04.3255|DEBUG|CLex|MapReduceExecutor|Execution Succeeded|{"ExecutionId":"9b174db1-78f8-4654-afaa-e0d97c698683","Main":"fkeJNAcQsuuntCb2Z19ZCPZ5OTU8u3FZ/GL50aX2M90="}|ae4f0bb0-f4a6-11e7-8211-985fd3341243
2018-01-08 11:04:29.0562|DEBUG|CLex|MapReduceExecutor|Execution started|{"ExecutionId":"ce3daccc-d3d6-4eeb-a246-09cfaff29d46","Main":"KFAula1E0Zo23noqcdl8K0WwD12XOXCa/gBGPzlfBfM="}|bddf0f68-f4a6-11e7-96c2-985fd3341243
2018-01-08 11:04:29.0562|DEBUG|CLex|QueryCacheOperationVisitor|Visiting activity. Activity: KFAula1E0Zo23noqcdl8K0WwD12XOXCa/gBGPzlfBfM=|bddf0f68-f4a6-11e7-96c2-985fd3341243
2018-01-08 11:04:29.0859|DEBUG|CLex|QueryCache|Build RDD|{"Operation":"GetFilesOperation","Reference":"","Tag":"e1442cc5-ffda-4629-8099-ea3c0f1dd3b1","ContextTag":"0","ParentContextTag":""}|bddf0f68-f4a6-11e7-96c2-985fd3341243
2018-01-08 11:04:29.1683|DEBUG|CLex|QueryCache|Cache added|{"Operation":"GetFilesOperation","Reference":"","Tag":"e1442cc5-ffda-4629-8099-ea3c0f1dd3b1","ContextTag":"0","ParentContextTag":""}|bddf0f68-f4a6-11e7-96c2-985fd3341243
2018-01-08 11:04:29.1683|DEBUG|CLex|QueryCache|Build RDD|{"Operation":"ReadFilesOperation","Reference":"","Tag":"e1f787f6-1a80-4ee6-9840-6bbbd84585d4","ContextTag":"1","ParentContextTag":"0"}|bddf0f68-f4a6-11e7-96c2-985fd3341243
2018-01-08 11:04:29.2563|DEBUG|CLex|QueryCache|Cache added|{"Operation":"ReadFilesOperation","Reference":"","Tag":"e1f787f6-1a80-4ee6-9840-6bbbd84585d4","ContextTag":"1","ParentContextTag":"0"}|bddf0f68-f4a6-11e7-96c2-985fd3341243
2018-01-08 11:04:29.2563|DEBUG|CLex|QueryCache|Build RDD|{"Operation":"RemoveColumnsOperation","Reference":"","Tag":"bf1c7cc5-c07f-409f-925a-20e5170b0a70","ContextTag":"2","ParentContextTag":"1"}|bddf0f68-f4a6-11e7-96c2-985fd3341243
2018-01-08 11:04:29.2817|DEBUG|CLex|QueryCache|Cache added|{"Operation":"RemoveColumnsOperation","Reference":"","Tag":"bf1c7cc5-c07f-409f-925a-20e5170b0a70","ContextTag":"2","ParentContextTag":"1"}|bddf0f68-f4a6-11e7-96c2-985fd3341243
2018-01-08 11:04:29.2817|DEBUG|CLex|QueryCache|Build RDD|{"Operation":"WriteFilesOperation","Reference":"","Tag":"c40c25db-2345-4332-b570-d724ead734ee","ContextTag":"3","ParentContextTag":"2"}|bddf0f68-f4a6-11e7-96c2-985fd3341243
2018-01-08 11:04:29.7222|DEBUG|CLex|QueryCache|Cache added|{"Operation":"WriteFilesOperation","Reference":"","Tag":"c40c25db-2345-4332-b570-d724ead734ee","ContextTag":"3","ParentContextTag":"2"}|bddf0f68-f4a6-11e7-96c2-985fd3341243
2018-01-08 11:04:29.7223|DEBUG|CLex|QueryCache|Build RDD|{"Operation":"TakeOperation","Reference":"","Tag":"","ContextTag":"4","ParentContextTag":"3"}|bddf0f68-f4a6-11e7-96c2-985fd3341243
2018-01-08 11:04:29.7223|DEBUG|CLex|QueryCache|Cache added|{"Operation":"TakeOperation","Reference":"","Tag":"","ContextTag":"4","ParentContextTag":"3"}|bddf0f68-f4a6-11e7-96c2-985fd3341243
2018-01-08 11:04:29.7223|DEBUG|CLex|MapReduceExecutor|Execution Succeeded|{"ExecutionId":"ce3daccc-d3d6-4eeb-a246-09cfaff29d46","Main":"KFAula1E0Zo23noqcdl8K0WwD12XOXCa/gBGPzlfBfM="}|bddf0f68-f4a6-11e7-96c2-985fd3341243
